C:\Program Files\MySQL\MySQL Server 8.0\bin\mysqld.exe, Version: 8.0.18 (MySQL Community Server - GPL). started with:
TCP Port: 0, Named Pipe: MySQL
Time                 Id Command    Argument
C:\Program Files\MySQL\MySQL Server 8.0\bin\mysqld.exe, Version: 8.0.18 (MySQL Community Server - GPL). started with:
TCP Port: 3306, Named Pipe: MySQL
Time                 Id Command    Argument
C:\Program Files\MySQL\MySQL Server 8.0\bin\mysqld.exe, Version: 8.0.18 (MySQL Community Server - GPL). started with:
TCP Port: 3306, Named Pipe: MySQL
Time                 Id Command    Argument
# Time: 2019-12-02T14:15:13.851950Z
# User@Host: root[root] @ localhost [::1]  Id:     8
# Query_time: 24.631396  Lock_time: 9.093892 Rows_sent: 1  Rows_examined: 576
SET timestamp=1575296089;
SHOW SESSION VARIABLES LIKE 'lower_case_table_names';
# Time: 2019-12-03T10:57:09.095681Z
# User@Host: root[root] @ localhost [::1]  Id:     9
# Query_time: 12.877690  Lock_time: 0.575074 Rows_sent: 0  Rows_examined: 0
use sportsbox;
SET timestamp=1575370616;
CREATE TABLE `chatmessages` (
  `MessageId` int(11) NOT NULL AUTO_INCREMENT,
  `GroupId` int(11) DEFAULT NULL,
  `MessageDescription` varchar(500) CHARACTER SET utf8 DEFAULT NULL,
  `CreatedBy` int(11) DEFAULT NULL,
  `CreatedAt` datetime DEFAULT CURRENT_TIMESTAMP,
  `IsDeleted` bit(1) DEFAULT b'0',
  PRIMARY KEY (`MessageId`)
) ENGINE=InnoDB AUTO_INCREMENT=985 DEFAULT CHARSET=latin1;
# Time: 2019-12-03T10:57:51.576816Z
# User@Host: root[root] @ localhost [::1]  Id:     9
# Query_time: 21.072005  Lock_time: 0.000377 Rows_sent: 0  Rows_examined: 0
SET timestamp=1575370650;
CREATE TABLE `divisions` (
  `DivisionId` int(11) NOT NULL AUTO_INCREMENT,
  `Name` varchar(100) DEFAULT NULL,
  `Description` varchar(200) DEFAULT NULL,
  `CreatedDate` datetime DEFAULT CURRENT_TIMESTAMP,
  `IsDeleted` bit(1) DEFAULT b'0',
  `LeagueId` bigint(19) DEFAULT NULL,
  PRIMARY KEY (`DivisionId`)
) ENGINE=InnoDB AUTO_INCREMENT=59 DEFAULT CHARSET=latin1;
# Time: 2019-12-03T10:59:09.740711Z
# User@Host: root[root] @ localhost [::1]  Id:     9
# Query_time: 13.102493  Lock_time: 0.000352 Rows_sent: 0  Rows_examined: 0
SET timestamp=1575370736;
CREATE TABLE `gamelocations` (
  `GameLocationId` bigint(19) NOT NULL AUTO_INCREMENT,
  `LocationName` varchar(200) DEFAULT NULL,
  `Address1` varchar(100) DEFAULT NULL,
  `Address2` varchar(100) DEFAULT NULL,
  `City` varchar(100) DEFAULT NULL,
  `State` varchar(100) DEFAULT NULL,
  `PostalCode` varchar(10) DEFAULT NULL,
  `Description` varchar(200) DEFAULT NULL,
  `IsDeleted` bit(1) DEFAULT NULL,
  `LeagueId` bigint(19) DEFAULT NULL,
  PRIMARY KEY (`GameLocationId`)
) ENGINE=InnoDB AUTO_INCREMENT=24 DEFAULT CHARSET=latin1;
# Time: 2019-12-03T10:59:35.222228Z
# User@Host: root[root] @ localhost [::1]  Id:     9
# Query_time: 10.060972  Lock_time: 0.000351 Rows_sent: 0  Rows_examined: 0
SET timestamp=1575370765;
CREATE TABLE `gameresults` (
  `GameResultId` bigint(19) NOT NULL AUTO_INCREMENT,
  `TeamA` bigint(19) DEFAULT NULL,
  `TeamB` bigint(19) DEFAULT NULL,
  `TeamAScore` varchar(45) DEFAULT NULL,
  `TeamBScore` varchar(45) DEFAULT NULL,
  `WinnerTeam` bigint(19) DEFAULT NULL,
  `IsDraw` bit(1) DEFAULT NULL,
  `GameScheduleId` bigint(19) DEFAULT NULL,
  `CreatedDate` datetime DEFAULT NULL,
  `IsDeleted` bit(1) DEFAULT NULL,
  `LeagueId` bigint(19) DEFAULT NULL,
  PRIMARY KEY (`GameResultId`)
) ENGINE=InnoDB AUTO_INCREMENT=8 DEFAULT CHARSET=latin1;
# Time: 2019-12-03T11:01:21.977971Z
# User@Host: root[root] @ localhost [::1]  Id:     9
# Query_time: 10.947296  Lock_time: 0.000317 Rows_sent: 0  Rows_examined: 0
SET timestamp=1575370871;
CREATE TABLE `roles` (
  `RoleId` int(11) NOT NULL AUTO_INCREMENT,
  `RoleName` varchar(45) DEFAULT NULL,
  `IsDeleted` bit(1) DEFAULT NULL,
  PRIMARY KEY (`RoleId`)
) ENGINE=InnoDB AUTO_INCREMENT=4 DEFAULT CHARSET=latin1;
# Time: 2019-12-03T11:03:02.073365Z
# User@Host: root[root] @ localhost [::1]  Id:     9
# Query_time: 10.124917  Lock_time: 0.000371 Rows_sent: 0  Rows_examined: 0
SET timestamp=1575370971;
CREATE TABLE `users` (
  `UserId` bigint(19) NOT NULL AUTO_INCREMENT,
  `BusinessCity` varchar(45) DEFAULT NULL,
  `BusinessCountry` varchar(45) DEFAULT NULL,
  `BusinessCounty` varchar(45) DEFAULT NULL,
  `BusinessState` varchar(45) DEFAULT NULL,
  `City` varchar(45) DEFAULT NULL,
  `Country` varchar(45) DEFAULT NULL,
  `DateOfBirth` datetime DEFAULT NULL,
  `Email` varchar(45) DEFAULT NULL,
  `Password` varchar(500) NOT NULL,
  `EmployerName` varchar(45) DEFAULT NULL,
  `Experience` varchar(45) DEFAULT NULL,
  `FirstName` varchar(45) DEFAULT NULL,
  `Game` varchar(45) DEFAULT NULL,
  `Gender` varchar(45) DEFAULT NULL,
  `HomeTown` varchar(45) DEFAULT NULL,
  `JersyNumber` varchar(45) DEFAULT NULL,
  `JersySize` varchar(45) DEFAULT NULL,
  `LastName` varchar(45) DEFAULT NULL,
  `Picture` varchar(45) DEFAULT NULL,
  `PositionAtWork` varchar(45) DEFAULT NULL,
  `PositionInGame` varchar(45) DEFAULT NULL,
  `ProfilePic` varchar(500) DEFAULT NULL,
  `ProfilePicThumb` varchar(500) DEFAULT NULL,
  `RegisteredOn` datetime DEFAULT NULL,
  `Role` varchar(45) DEFAULT NULL,
  `Slogan` varchar(45) DEFAULT NULL,
  `State` varchar(45) DEFAULT NULL,
  `WhoAMI` varchar(45) DEFAULT NULL,
  `ExpoToken` varchar(500) DEFAULT NULL,
  `MultiSport` varchar(45) DEFAULT NULL,
  `CreateDate` datetime DEFAULT NULL,
  `ModifiedDate` datetime DEFAULT NULL,
  `BirthDateStatus` bit(1) DEFAULT b'0',
  PRIMARY KEY (`UserId`)
) ENGINE=InnoDB AUTO_INCREMENT=44 DEFAULT CHARSET=latin1;
# Time: 2019-12-03T11:03:49.623660Z
# User@Host: root[root] @ localhost [::1]  Id:     9
# Query_time: 10.394225  Lock_time: 0.000402 Rows_sent: 0  Rows_examined: 0
SET timestamp=1575371019;
CREATE TABLE `usersportsinterests` (
  `SportsInterestId` int(11) NOT NULL AUTO_INCREMENT,
  `Sports` varchar(45) DEFAULT NULL,
  `Position` varchar(45) DEFAULT NULL,
  `Level` int(11) DEFAULT NULL,
  `SportsSelected` bit(1) DEFAULT NULL,
  `UserId` bigint(19) DEFAULT NULL,
  `IsDeleted` bit(1) DEFAULT b'0',
  PRIMARY KEY (`SportsInterestId`)
) ENGINE=InnoDB AUTO_INCREMENT=80 DEFAULT CHARSET=latin1;
# Time: 2020-03-04T20:40:58.488777Z
# User@Host: root[root] @ localhost [127.0.0.1]  Id: 51246
# Query_time: 10.315514  Lock_time: 0.000094 Rows_sent: 1  Rows_examined: 0
SET timestamp=1583354448;
SELECT count(*) as numRows FROM teams;
# Time: 2020-03-04T20:40:58.985462Z
# User@Host: root[root] @ localhost [127.0.0.1]  Id: 51247
# Query_time: 10.396035  Lock_time: 0.000124 Rows_sent: 1  Rows_examined: 0
SET timestamp=1583354448;
SELECT count(*) as numRows FROM teams;
# Time: 2020-04-15T23:07:41.365322Z
# User@Host: root[root] @ localhost [127.0.0.1]  Id: 62977
# Query_time: 10.393350  Lock_time: 0.040131 Rows_sent: 1  Rows_examined: 0
SET timestamp=1586992050;
SELECT count(*) as numRows FROM teams;
# Time: 2020-04-15T23:07:42.149686Z
# User@Host: root[root] @ localhost [127.0.0.1]  Id: 62976
# Query_time: 10.807050  Lock_time: 0.082931 Rows_sent: 1  Rows_examined: 0
SET timestamp=1586992051;
SELECT count(*) as numRows FROM teams;
# Time: 2020-04-15T23:07:43.250225Z
# User@Host: root[root] @ localhost [127.0.0.1]  Id: 62978
# Query_time: 11.415666  Lock_time: 0.039941 Rows_sent: 1  Rows_examined: 0
SET timestamp=1586992051;
SELECT count(*) as numRows FROM teams;
# Time: 2020-04-15T23:07:44.234612Z
# User@Host: root[root] @ localhost [127.0.0.1]  Id: 62979
# Query_time: 11.783702  Lock_time: 0.080939 Rows_sent: 1  Rows_examined: 0
SET timestamp=1586992052;
SELECT count(*) as numRows FROM teams;
# Time: 2020-04-15T23:07:56.158249Z
# User@Host: root[root] @ localhost [127.0.0.1]  Id: 62980
# Query_time: 11.508375  Lock_time: 0.000929 Rows_sent: 1  Rows_examined: 0
SET timestamp=1586992064;
SELECT count(*) as numRows FROM teams;
# Time: 2020-04-15T23:07:56.933141Z
# User@Host: root[root] @ localhost [127.0.0.1]  Id: 62981
# Query_time: 11.543331  Lock_time: 0.080405 Rows_sent: 1  Rows_examined: 0
SET timestamp=1586992065;
SELECT count(*) as numRows FROM teams;
# Time: 2020-04-15T23:07:58.206552Z
# User@Host: root[root] @ localhost [127.0.0.1]  Id: 62982
# Query_time: 12.488930  Lock_time: 0.081873 Rows_sent: 1  Rows_examined: 0
SET timestamp=1586992065;
SELECT count(*) as numRows FROM teams;
# Time: 2020-04-15T23:07:58.981007Z
# User@Host: root[root] @ localhost [127.0.0.1]  Id: 62983
# Query_time: 12.521710  Lock_time: 0.038448 Rows_sent: 1  Rows_examined: 0
SET timestamp=1586992066;
SELECT count(*) as numRows FROM teams;
C:\Program Files\MySQL\MySQL Server 8.0\bin\mysqld.exe, Version: 8.0.18 (MySQL Community Server - GPL). started with:
TCP Port: 3306, Named Pipe: MySQL
Time                 Id Command    Argument
